63
55
81
16
167
62
195
1
58
47
90
180
72
20
69
135
77
80
157
92
144
7
91
14
186
109
3
197
43
89
189
108
127
126
181
13
200
84
170
117
199
36
194
45
49
162
5
42
160
165
18
190
182
15
153
118
111
17
159
145
94
156
100
19
66
26
44
65
37
139
52
68
24
169
185
97
35
172
125
70
64
166
164
61
146
110
33
152
130
54
107
2
103
96
184
11
102
4
106
151
67
6
131
198
113
27
101
50
53
99
191
141
56
86
116
192
140
71
40
124
82
138
133
28
150
85
31
128
154
75
78
57
168
25
87
46
163
173
73
149
60
115
23
122
112
41
137
183
10
48
12
129
8
121
134
171
88
114
175
119
143
9
104
193
95
83
187
105
132
39
147
59
178
30
176
34
136
123
29
155
32
179
51
188
98
177
22
158
79
161
196
174
142
21
148
74
38
120
76
93
