9
1
5
35
4
37
36
7
38
3
34
6
39
11
42
8
14
15
16
43
45
20
19
25
13
50
49
47
46
56
57
10
55
54
41
52
58
59
51
22
23
12
18
48
24
17
40
21
53
27
31
32
44
61
30
62
68
64
65
66
70
75
76
78
80
81
82
88
100
101
85
92
99
98
102
93
87
86
97
113
117
114
109
110
112
111
115
116
118
120
74
106
119
96
95
103
122
124
125
129
131
133
123
128
135
127
130
134
136
126
132
139
142
121
140
137
143
138
60
91
84
145
77
26
141
89
146
94
90
63
83
72
148
144
69
29
67
104
147
33
105
79
150
151
107
71
28
149
152
153
154
155
156
167
157
165
172
169
158
163
162
159
164
168
160
161
170
166
171
176
178
174
173
175
177
73
179
180
193
192
182
181
190
191
183
184
189
187
185
186
188
199
194
200
108
195
196
197
198
