150
117
118
143
114
119
4
63
91
135
27
24
126
7
146
51
95
183
190
106
55
103
87
184
170
49
152
107
148
120
88
1
165
65
77
86
31
111
141
193
182
72
79
89
123
21
8
76
160
22
173
113
52
159
161
163
180
20
41
156
121
96
44
78
9
157
179
37
45
144
125
84
132
3
14
196
169
174
93
23
28
35
80
56
6
54
39
198
97
61
171
176
186
140
177
82
199
83
131
200
59
19
137
69
46
68
50
128
73
34
181
64
191
58
139
16
13
194
17
154
26
67
178
11
142
175
47
98
189
195
124
12
33
136
168
43
71
85
38
129
42
36
53
105
192
158
48
75
164
110
104
145
122
92
99
18
185
2
29
147
94
66
133
138
197
112
166
134
188
116
155
100
81
74
108
32
30
127
5
60
187
153
172
10
57
167
62
162
101
109
115
15
130
149
40
151
102
70
25
