200
138
171
80
112
49
151
130
94
197
116
147
182
156
101
161
39
153
42
78
70
98
3
91
51
7
84
20
8
155
178
36
99
121
59
77
175
195
61
23
79
193
176
95
6
149
62
198
134
5
124
18
169
192
122
32
119
56
128
100
164
33
48
46
52
117
166
76
71
82
135
114
92
13
183
174
16
4
30
90
167
12
186
21
11
38
143
54
72
57
152
26
104
173
187
15
53
191
19
181
87
25
126
179
34
58
157
111
63
107
189
108
133
185
136
177
159
81
89
47
27
93
37
168
188
113
194
2
141
125
144
148
64
106
86
184
55
65
190
66
165
154
68
180
103
41
146
24
73
