1
2
169
3
5
6
7
22
14
31
10
11
12
13
16
15
17
18
21
19
20
27
23
24
26
25
29
28
32
30
37
33
35
34
45
36
51
40
38
42
41
43
50
44
46
47
49
48
56
52
55
53
54
57
58
166
60
61
62
63
64
65
66
67
68
69
76
70
71
72
73
74
75
77
163
78
80
81
83
82
84
86
98
87
89
88
91
90
92
94
93
96
95
117
97
101
100
99
102
103
104
105
106
107
108
110
109
111
112
113
114
115
116
121
118
119
120
123
122
126
124
165
125
127
128
129
130
131
132
133
134
135
137
136
138
139
140
142
141
143
144
145
148
147
146
149
150
151
152
153
154
156
155
158
157
159
160
161
162
