82
115
152
46
196
153
187
143
175
90
116
40
148
54
66
48
134
177
130
184
16
169
107
1
70
174
155
64
98
139
63
136
27
110
93
166
128
194
189
84
195
86
142
4
7
164
36
32
179
60
133
176
49
102
156
57
52
135
124
118
17
72
71
159
8
30
173
137
151
199
13
24
28
111
5
100
10
81
23
15
162
97
59
12
200
69
160
3
192
109
125
14
44
42
29
161
193
158
18
80
21
34
38
35
190
55
67
99
122
79
149
96
103
39
85
68
172
20
154
191
45
61
131
188
120
144
178
53
26
31
126
56
25
163
198
138
147
19
65
50
106
88
145
168
185
